{"/home/nibragimov/pkb/reactproject/test/jest-unit/src/mapArrToString/mapArrToString.js": {"path":"/home/nibragimov/pkb/reactproject/test/jest-unit/src/mapArrToString/mapArrToString.js","statementMap":{"0":{"start":{"line":1,"column":23},"end":{"line":5,"column":1}},"1":{"start":{"line":2,"column":4},"end":{"line":4,"column":21}},"2":{"start":{"line":3,"column":24},"end":{"line":3,"column":46}},"3":{"start":{"line":7,"column":0},"end":{"line":7,"column":32}}},"fnMap":{"0":{"name":"(anonymous_0)","decl":{"start":{"line":1,"column":23},"end":{"line":1,"column":24}},"loc":{"start":{"line":1,"column":32},"end":{"line":5,"column":1}},"line":1},"1":{"name":"(anonymous_1)","decl":{"start":{"line":3,"column":16},"end":{"line":3,"column":17}},"loc":{"start":{"line":3,"column":24},"end":{"line":3,"column":46}},"line":3}},"branchMap":{},"s":{"0":1,"1":1,"2":3,"3":1},"f":{"0":1,"1":3},"b":{},"_coverageSchema":"1a1c01bbd47fc00a2c39e90264f33305004495a9","hash":"34272179c8c2813ede9af5b9f02f7b1dccd9df5f"}
}
